{"/Users/alexdavydov/WebstormProjects/Baxe_test_Davydov/src/components/Buttons/WrappedButton.tsx": {"path":"/Users/alexdavydov/WebstormProjects/Baxe_test_Davydov/src/components/Buttons/WrappedButton.tsx","statementMap":{"0":{"start":{"line":18,"column":46},"end":{"line":31,"column":1}},"1":{"start":{"line":19,"column":2},"end":{"line":30,"column":4}}},"fnMap":{"0":{"name":"(anonymous_0)","decl":{"start":{"line":18,"column":46},"end":{"line":18,"column":47}},"loc":{"start":{"line":18,"column":74},"end":{"line":31,"column":1}},"line":18}},"branchMap":{},"s":{"0":1,"1":0},"f":{"0":0},"b":{},"_coverageSchema":"1a1c01bbd47fc00a2c39e90264f33305004495a9","hash":"68d37d850738de58169d0d23b486dbd542cd5eca"}
,"/Users/alexdavydov/WebstormProjects/Baxe_test_Davydov/src/components/Card/Card.selectors.js": {"path":"/Users/alexdavydov/WebstormProjects/Baxe_test_Davydov/src/components/Card/Card.selectors.js","statementMap":{"0":{"start":{"line":1,"column":23},"end":{"line":1,"column":39}},"1":{"start":{"line":2,"column":34},"end":{"line":2,"column":64}},"2":{"start":{"line":3,"column":28},"end":{"line":3,"column":52}},"3":{"start":{"line":4,"column":39},"end":{"line":4,"column":74}},"4":{"start":{"line":5,"column":29},"end":{"line":5,"column":54}},"5":{"start":{"line":6,"column":37},"end":{"line":6,"column":70}},"6":{"start":{"line":7,"column":35},"end":{"line":7,"column":66}},"7":{"start":{"line":8,"column":39},"end":{"line":8,"column":74}},"8":{"start":{"line":10,"column":0},"end":{"line":19,"column":2}}},"fnMap":{},"branchMap":{},"s":{"0":1,"1":1,"2":1,"3":1,"4":1,"5":1,"6":1,"7":1,"8":1},"f":{},"b":{},"_coverageSchema":"1a1c01bbd47fc00a2c39e90264f33305004495a9","hash":"d2df236b8462f925041c5333c29e84d4cd661288"}
,"/Users/alexdavydov/WebstormProjects/Baxe_test_Davydov/src/components/Card/Card.styles.ts": {"path":"/Users/alexdavydov/WebstormProjects/Baxe_test_Davydov/src/components/Card/Card.styles.ts","statementMap":{"0":{"start":{"line":4,"column":18},"end":{"line":4,"column":48}},"1":{"start":{"line":6,"column":16},"end":{"line":15,"column":1}},"2":{"start":{"line":17,"column":17},"end":{"line":29,"column":1}}},"fnMap":{},"branchMap":{},"s":{"0":1,"1":1,"2":1},"f":{},"b":{},"_coverageSchema":"1a1c01bbd47fc00a2c39e90264f33305004495a9","hash":"cf8fc988fc10594a6de4b3d64b8093bb581de18b"}
,"/Users/alexdavydov/WebstormProjects/Baxe_test_Davydov/src/components/Card/Card.tsx": {"path":"/Users/alexdavydov/WebstormProjects/Baxe_test_Davydov/src/components/Card/Card.tsx","statementMap":{"0":{"start":{"line":25,"column":50},"end":{"line":86,"column":1}},"1":{"start":{"line":42,"column":2},"end":{"line":85,"column":4}}},"fnMap":{"0":{"name":"(anonymous_0)","decl":{"start":{"line":25,"column":50},"end":{"line":25,"column":51}},"loc":{"start":{"line":41,"column":6},"end":{"line":86,"column":1}},"line":41}},"branchMap":{"0":{"loc":{"start":{"line":35,"column":2},"end":{"line":35,"column":21}},"type":"default-arg","locations":[{"start":{"line":35,"column":19},"end":{"line":35,"column":21}}],"line":35},"1":{"loc":{"start":{"line":36,"column":2},"end":{"line":36,"column":30}},"type":"default-arg","locations":[{"start":{"line":36,"column":28},"end":{"line":36,"column":30}}],"line":36},"2":{"loc":{"start":{"line":37,"column":2},"end":{"line":37,"column":21}},"type":"default-arg","locations":[{"start":{"line":37,"column":16},"end":{"line":37,"column":21}}],"line":37},"3":{"loc":{"start":{"line":38,"column":2},"end":{"line":38,"column":20}},"type":"default-arg","locations":[{"start":{"line":38,"column":15},"end":{"line":38,"column":20}}],"line":38},"4":{"loc":{"start":{"line":39,"column":2},"end":{"line":39,"column":20}},"type":"default-arg","locations":[{"start":{"line":39,"column":15},"end":{"line":39,"column":20}}],"line":39},"5":{"loc":{"start":{"line":40,"column":2},"end":{"line":40,"column":19}},"type":"default-arg","locations":[{"start":{"line":40,"column":14},"end":{"line":40,"column":19}}],"line":40},"6":{"loc":{"start":{"line":52,"column":9},"end":{"line":60,"column":9}},"type":"binary-expr","locations":[{"start":{"line":52,"column":9},"end":{"line":52,"column":16}},{"start":{"line":53,"column":10},"end":{"line":59,"column":17}}],"line":52},"7":{"loc":{"start":{"line":66,"column":13},"end":{"line":66,"column":34}},"type":"cond-expr","locations":[{"start":{"line":66,"column":22},"end":{"line":66,"column":28}},{"start":{"line":66,"column":31},"end":{"line":66,"column":34}}],"line":66}},"s":{"0":1,"1":0},"f":{"0":0},"b":{"0":[0],"1":[0],"2":[0],"3":[0],"4":[0],"5":[0],"6":[0,0],"7":[0,0]},"_coverageSchema":"1a1c01bbd47fc00a2c39e90264f33305004495a9","hash":"4363eac4bb2893ac36eeaf27fbe331aa39b89d47"}
,"/Users/alexdavydov/WebstormProjects/Baxe_test_Davydov/src/components/CardsList/CardsList.tsx": {"path":"/Users/alexdavydov/WebstormProjects/Baxe_test_Davydov/src/components/CardsList/CardsList.tsx","statementMap":{"0":{"start":{"line":6,"column":2},"end":{"line":14,"column":4}},"1":{"start":{"line":10,"column":10},"end":{"line":10,"column":28}},"2":{"start":{"line":17,"column":15},"end":{"line":22,"column":2}}},"fnMap":{"0":{"name":"CardsList","decl":{"start":{"line":5,"column":24},"end":{"line":5,"column":33}},"loc":{"start":{"line":5,"column":36},"end":{"line":15,"column":1}},"line":5},"1":{"name":"(anonymous_1)","decl":{"start":{"line":9,"column":22},"end":{"line":9,"column":23}},"loc":{"start":{"line":10,"column":10},"end":{"line":10,"column":28}},"line":10}},"branchMap":{},"s":{"0":0,"1":0,"2":1},"f":{"0":0,"1":0},"b":{},"_coverageSchema":"1a1c01bbd47fc00a2c39e90264f33305004495a9","hash":"04f37faaad4d599dcfc5862159d70255f6d20030"}
,"/Users/alexdavydov/WebstormProjects/Baxe_test_Davydov/src/components/CardsList/mockData.js": {"path":"/Users/alexdavydov/WebstormProjects/Baxe_test_Davydov/src/components/CardsList/mockData.js","statementMap":{"0":{"start":{"line":1,"column":24},"end":{"line":30,"column":1}},"1":{"start":{"line":7,"column":18},"end":{"line":7,"column":39}},"2":{"start":{"line":14,"column":18},"end":{"line":14,"column":39}},"3":{"start":{"line":21,"column":18},"end":{"line":21,"column":39}},"4":{"start":{"line":28,"column":18},"end":{"line":28,"column":39}}},"fnMap":{"0":{"name":"(anonymous_0)","decl":{"start":{"line":7,"column":12},"end":{"line":7,"column":13}},"loc":{"start":{"line":7,"column":18},"end":{"line":7,"column":39}},"line":7},"1":{"name":"(anonymous_1)","decl":{"start":{"line":14,"column":12},"end":{"line":14,"column":13}},"loc":{"start":{"line":14,"column":18},"end":{"line":14,"column":39}},"line":14},"2":{"name":"(anonymous_2)","decl":{"start":{"line":21,"column":12},"end":{"line":21,"column":13}},"loc":{"start":{"line":21,"column":18},"end":{"line":21,"column":39}},"line":21},"3":{"name":"(anonymous_3)","decl":{"start":{"line":28,"column":12},"end":{"line":28,"column":13}},"loc":{"start":{"line":28,"column":18},"end":{"line":28,"column":39}},"line":28}},"branchMap":{},"s":{"0":1,"1":0,"2":0,"3":0,"4":0},"f":{"0":0,"1":0,"2":0,"3":0},"b":{},"_coverageSchema":"1a1c01bbd47fc00a2c39e90264f33305004495a9","hash":"428d0ee94e7af0c9f74f24b3d8c7271f19f94fb8"}
,"/Users/alexdavydov/WebstormProjects/Baxe_test_Davydov/src/helpers/test-props.ts": {"path":"/Users/alexdavydov/WebstormProjects/Baxe_test_Davydov/src/helpers/test-props.ts","statementMap":{"0":{"start":{"line":10,"column":28},"end":{"line":14,"column":1}},"1":{"start":{"line":11,"column":2},"end":{"line":13,"column":46}}},"fnMap":{"0":{"name":"(anonymous_0)","decl":{"start":{"line":10,"column":28},"end":{"line":10,"column":29}},"loc":{"start":{"line":10,"column":74},"end":{"line":14,"column":1}},"line":10}},"branchMap":{"0":{"loc":{"start":{"line":10,"column":41},"end":{"line":10,"column":61}},"type":"default-arg","locations":[{"start":{"line":10,"column":57},"end":{"line":10,"column":61}}],"line":10},"1":{"loc":{"start":{"line":11,"column":9},"end":{"line":13,"column":45}},"type":"cond-expr","locations":[{"start":{"line":12,"column":6},"end":{"line":12,"column":57}},{"start":{"line":13,"column":6},"end":{"line":13,"column":45}}],"line":11}},"s":{"0":1,"1":0},"f":{"0":0},"b":{"0":[0],"1":[0,0]},"_coverageSchema":"1a1c01bbd47fc00a2c39e90264f33305004495a9","hash":"1e87523735bba2f2d57e7084d57700d88850f72f"}
,"/Users/alexdavydov/WebstormProjects/Baxe_test_Davydov/src/icons/DepositIcon.js": {"path":"/Users/alexdavydov/WebstormProjects/Baxe_test_Davydov/src/icons/DepositIcon.js","statementMap":{"0":{"start":{"line":4,"column":20},"end":{"line":15,"column":1}},"1":{"start":{"line":5,"column":2},"end":{"line":14,"column":9}}},"fnMap":{"0":{"name":"(anonymous_0)","decl":{"start":{"line":4,"column":20},"end":{"line":4,"column":21}},"loc":{"start":{"line":5,"column":2},"end":{"line":14,"column":9}},"line":5}},"branchMap":{},"s":{"0":1,"1":0},"f":{"0":0},"b":{},"_coverageSchema":"1a1c01bbd47fc00a2c39e90264f33305004495a9","hash":"33edaa5a668cf7d341929f8a8ab2c93b36d73d6e"}
,"/Users/alexdavydov/WebstormProjects/Baxe_test_Davydov/src/icons/PointsIcon.js": {"path":"/Users/alexdavydov/WebstormProjects/Baxe_test_Davydov/src/icons/PointsIcon.js","statementMap":{"0":{"start":{"line":4,"column":19},"end":{"line":28,"column":1}},"1":{"start":{"line":5,"column":2},"end":{"line":27,"column":9}}},"fnMap":{"0":{"name":"(anonymous_0)","decl":{"start":{"line":4,"column":19},"end":{"line":4,"column":20}},"loc":{"start":{"line":5,"column":2},"end":{"line":27,"column":9}},"line":5}},"branchMap":{},"s":{"0":1,"1":0},"f":{"0":0},"b":{},"_coverageSchema":"1a1c01bbd47fc00a2c39e90264f33305004495a9","hash":"5bea64cdc27cf0b11c69618262189daf7c2b681b"}
,"/Users/alexdavydov/WebstormProjects/Baxe_test_Davydov/src/icons/TransferIcon.js": {"path":"/Users/alexdavydov/WebstormProjects/Baxe_test_Davydov/src/icons/TransferIcon.js","statementMap":{"0":{"start":{"line":4,"column":21},"end":{"line":20,"column":1}},"1":{"start":{"line":5,"column":2},"end":{"line":19,"column":9}}},"fnMap":{"0":{"name":"(anonymous_0)","decl":{"start":{"line":4,"column":21},"end":{"line":4,"column":22}},"loc":{"start":{"line":5,"column":2},"end":{"line":19,"column":9}},"line":5}},"branchMap":{},"s":{"0":1,"1":0},"f":{"0":0},"b":{},"_coverageSchema":"1a1c01bbd47fc00a2c39e90264f33305004495a9","hash":"a1631086e5242824bc205887f9f90b68b0240d75"}
}
